c:\users\lozuno\source\repos\савицкий 4\савицкий 4\x64\debug\vc143.pdb
c:\users\lozuno\source\repos\савицкий 4\савицкий 4\x64\debug\vc143.idb
c:\users\lozuno\source\repos\савицкий 4\савицкий 4\x64\debug\савицкий 4.obj
c:\users\lozuno\source\repos\савицкий 4\x64\debug\савицкий 4-1.exe
c:\users\lozuno\source\repos\савицкий 4\x64\debug\савицкий 4-1.pdb
c:\users\lozuno\source\repos\савицкий 4\савицкий 4\x64\debug\савицкий 4-1.ilk
d:\лабы\оап\лабораторная работа №4\савицкий 4\савицкий 4\x64\debug\савицкий 4-1.obj
d:\лабы\оап\лабораторная работа №4\савицкий 4\савицкий 4\x64\debug\савицкий 4.obj
d:\лабы\оап\лабораторная работа №4\савицкий 4\савицкий 4\x64\debug\савицкий 4-1.ilk
d:\лабы\оап\лабораторная работа №4\савицкий 4\савицкий 4\x64\debug\vc143.idb
d:\лабы\оап\лабораторная работа №4\савицкий 4\савицкий 4\x64\debug\vc143.pdb
d:\лабы\оап\лабораторная работа №4\савицкий 4\x64\debug\савицкий 4-1.pdb
d:\лабы\оап\лабораторная работа №4\савицкий 4\x64\debug\савицкий 4-1.exe
d:\лабы\оап\лабораторная работа №4\савицкий 4\савицкий 4\x64\debug\савицкий 4-1.tlog\cl.command.1.tlog
d:\лабы\оап\лабораторная работа №4\савицкий 4\савицкий 4\x64\debug\савицкий 4-1.tlog\cl.items.tlog
d:\лабы\оап\лабораторная работа №4\савицкий 4\савицкий 4\x64\debug\савицкий 4-1.tlog\cl.read.1.tlog
d:\лабы\оап\лабораторная работа №4\савицкий 4\савицкий 4\x64\debug\савицкий 4-1.tlog\cl.write.1.tlog
d:\лабы\оап\лабораторная работа №4\савицкий 4\савицкий 4\x64\debug\савицкий 4-1.tlog\link.command.1.tlog
d:\лабы\оап\лабораторная работа №4\савицкий 4\савицкий 4\x64\debug\савицкий 4-1.tlog\link.read.1.tlog
d:\лабы\оап\лабораторная работа №4\савицкий 4\савицкий 4\x64\debug\савицкий 4-1.tlog\link.secondary.1.tlog
d:\лабы\оап\лабораторная работа №4\савицкий 4\савицкий 4\x64\debug\савицкий 4-1.tlog\link.write.1.tlog
