Сборка начата 25.11.2024 1:53:21.
Уровень детализации журнала: Normal.     1>Проект "D:\Лабы\ОАП\Лабораторная работа №11\Савицкий 11\Савицкий 11\Савицкий 11.vcxproj" в узле 2 (целевые объекты Build).
     1>D:\VS\MSBuild\Microsoft\VC\v170\Microsoft.CppBuild.targets(531,5): warning MSB8028: промежуточный каталог (x64\Debug\) содержит файлы, которые используются совместно с другим проектом (N5.vcxproj, Савицкий 11.vcxproj).  Это может привести к ошибкам очистки и перестроения.
         Структурированный вывод включен. Форматирование диагностики компилятора будет отражать иерархию ошибок. Подробнее см. https://aka.ms/cpp/structured-output.
     1>InitializeBuildStatus:
         Создание "x64\Debug\N5-1.tlog\unsuccessfulbuild", так как было задано "AlwaysCreate".
         Обращение к "x64\Debug\N5-1.tlog\unsuccessfulbuild".
       ClCompile:
         D:\VS\VC\Tools\MSVC\14.40.33807\bin\HostX64\x64\CL.exe /c /ZI /JMC /nologo /W3 /WX- /diagnostics:column /sdl /Od /D _DEBUG /D _CONSOLE /D _UNICODE /D UNICODE /Gm- /EHsc /RTC1 /MDd /GS /fp:precise /Zc:wchar_t /Zc:forScope /Zc:inline /permissive- /Fo"x64\Debug\\" /Fd"x64\Debug\vc143.pdb" /external:W3 /Gd /TP /FC /errorReport:prompt "Савицкий 11.cpp"
         Савицкий 11.cpp
     1>D:\Лабы\ОАП\Лабораторная работа №11\Савицкий 11\Савицкий 11\Савицкий 11.cpp(4,6): warning C4326: возвращаемый тип "main" должен быть "int", а не "void"
     1>D:\Лабы\ОАП\Лабораторная работа №11\Савицкий 11\Савицкий 11\Савицкий 11.cpp(23,27): warning C4018: <: несоответствие типов со знаком и без знака
       Link:
         D:\VS\VC\Tools\MSVC\14.40.33807\bin\HostX64\x64\link.exe /ERRORREPORT:PROMPT /OUT:"D:\Лабы\ОАП\Лабораторная работа №11\Савицкий 11\x64\Debug\N5-1.exe" /INCREMENTAL /ILK:"x64\Debug\N5-1.ilk" /NOLOGO kernel32.lib user32.lib gdi32.lib winspool.lib comdlg32.lib advapi32.lib shell32.lib ole32.lib oleaut32.lib uuid.lib odbc32.lib odbccp32.lib /MANIFEST /MANIFESTUAC:"level='asInvoker' uiAccess='false'" /manifest:embed /DEBUG /PDB:"D:\Лабы\ОАП\Лабораторная работа №11\Савицкий 11\x64\Debug\N5-1.pdb" /SUBSYSTEM:CONSOLE /TLBID:1 /DYNAMICBASE /NXCOMPAT /IMPLIB:"D:\Лабы\ОАП\Лабораторная работа №11\Савицкий 11\x64\Debug\N5-1.lib" /MACHINE:X64 "x64\Debug\Савицкий 11.obj"
         Савицкий 11.vcxproj -> D:\Лабы\ОАП\Лабораторная работа №11\Савицкий 11\x64\Debug\N5-1.exe
       FinalizeBuildStatus:
         Файл "x64\Debug\N5-1.tlog\unsuccessfulbuild" удаляется.
         Обращение к "x64\Debug\N5-1.tlog\N5-1.lastbuildstate".
     1>Сборка проекта "D:\Лабы\ОАП\Лабораторная работа №11\Савицкий 11\Савицкий 11\Савицкий 11.vcxproj" завершена (целевые объекты Build).

Сборка успешно завершена.

       "D:\Лабы\ОАП\Лабораторная работа №11\Савицкий 11\Савицкий 11\Савицкий 11.vcxproj" (целевой объект Build ) (1) ->
       (Целевой объект PrepareForBuild) -> 
         D:\VS\MSBuild\Microsoft\VC\v170\Microsoft.CppBuild.targets(531,5): warning MSB8028: промежуточный каталог (x64\Debug\) содержит файлы, которые используются совместно с другим проектом (N5.vcxproj, Савицкий 11.vcxproj).  Это может привести к ошибкам очистки и перестроения.


       "D:\Лабы\ОАП\Лабораторная работа №11\Савицкий 11\Савицкий 11\Савицкий 11.vcxproj" (целевой объект Build ) (1) ->
       (Целевой объект ClCompile) -> 
         D:\Лабы\ОАП\Лабораторная работа №11\Савицкий 11\Савицкий 11\Савицкий 11.cpp(4,6): warning C4326: возвращаемый тип "main" должен быть "int", а не "void"
         D:\Лабы\ОАП\Лабораторная работа №11\Савицкий 11\Савицкий 11\Савицкий 11.cpp(23,27): warning C4018: <: несоответствие типов со знаком и без знака

    Предупреждений: 3
    Ошибок: 0

Прошло времени 00:00:01.23
