Сборка начата 29.11.2024 14:58:53.
Уровень детализации журнала: Normal.     1>Проект "D:\Лабы\ОАП\Лабораторная работа №12\Савицкий 12\var-Z2\var-Z2.vcxproj" в узле 2 (целевые объекты Build).
     1>PrepareForBuild:
         Структурированный вывод включен. Форматирование диагностики компилятора будет отражать иерархию ошибок. Подробнее см. https://aka.ms/cpp/structured-output.
       InitializeBuildStatus:
         Создание "x64\Debug\var-Z2.tlog\unsuccessfulbuild", так как было задано "AlwaysCreate".
         Обращение к "x64\Debug\var-Z2.tlog\unsuccessfulbuild".
       ClCompile:
         D:\VS\VC\Tools\MSVC\14.40.33807\bin\HostX64\x64\CL.exe /c /ZI /JMC /nologo /W3 /WX- /diagnostics:column /sdl /Od /D _DEBUG /D _CONSOLE /D _UNICODE /D UNICODE /Gm- /EHsc /RTC1 /MDd /GS /fp:precise /Zc:wchar_t /Zc:forScope /Zc:inline /permissive- /Fo"x64\Debug\\" /Fd"x64\Debug\vc143.pdb" /external:W3 /Gd /TP /FC /errorReport:prompt "var-Z2.cpp"
         var-Z2.cpp
     1>D:\Лабы\ОАП\Лабораторная работа №12\Савицкий 12\var-Z2\var-Z2.cpp(78,16): warning C4244: =: преобразование "__int64" в "int", возможна потеря данных
     1>D:\Лабы\ОАП\Лабораторная работа №12\Савицкий 12\var-Z2\var-Z2.cpp(79,16): warning C4244: =: преобразование "__int64" в "int", возможна потеря данных
       Link:
         D:\VS\VC\Tools\MSVC\14.40.33807\bin\HostX64\x64\link.exe /ERRORREPORT:PROMPT /OUT:"D:\Лабы\ОАП\Лабораторная работа №12\Савицкий 12\x64\Debug\var-Z2.exe" /INCREMENTAL /ILK:"x64\Debug\var-Z2.ilk" /NOLOGO kernel32.lib user32.lib gdi32.lib winspool.lib comdlg32.lib advapi32.lib shell32.lib ole32.lib oleaut32.lib uuid.lib odbc32.lib odbccp32.lib /MANIFEST /MANIFESTUAC:"level='asInvoker' uiAccess='false'" /manifest:embed /DEBUG /PDB:"D:\Лабы\ОАП\Лабораторная работа №12\Савицкий 12\x64\Debug\var-Z2.pdb" /SUBSYSTEM:CONSOLE /TLBID:1 /DYNAMICBASE /NXCOMPAT /IMPLIB:"D:\Лабы\ОАП\Лабораторная работа №12\Савицкий 12\x64\Debug\var-Z2.lib" /MACHINE:X64 "x64\Debug\var-Z2.obj"
         var-Z2.vcxproj -> D:\Лабы\ОАП\Лабораторная работа №12\Савицкий 12\x64\Debug\var-Z2.exe
       FinalizeBuildStatus:
         Файл "x64\Debug\var-Z2.tlog\unsuccessfulbuild" удаляется.
         Обращение к "x64\Debug\var-Z2.tlog\var-Z2.lastbuildstate".
     1>Сборка проекта "D:\Лабы\ОАП\Лабораторная работа №12\Савицкий 12\var-Z2\var-Z2.vcxproj" завершена (целевые объекты Build).

Сборка успешно завершена.

       "D:\Лабы\ОАП\Лабораторная работа №12\Савицкий 12\var-Z2\var-Z2.vcxproj" (целевой объект Build ) (1) ->
       (Целевой объект ClCompile) -> 
         D:\Лабы\ОАП\Лабораторная работа №12\Савицкий 12\var-Z2\var-Z2.cpp(78,16): warning C4244: =: преобразование "__int64" в "int", возможна потеря данных
         D:\Лабы\ОАП\Лабораторная работа №12\Савицкий 12\var-Z2\var-Z2.cpp(79,16): warning C4244: =: преобразование "__int64" в "int", возможна потеря данных

    Предупреждений: 2
    Ошибок: 0

Прошло времени 00:00:00.55
