c:\users\lozuno\source\repos\савицкий 9\савицкий №6\x64\debug\vc143.pdb
c:\users\lozuno\source\repos\савицкий 9\савицкий №6\x64\debug\vc143.idb
c:\users\lozuno\source\repos\савицкий 9\савицкий №6\x64\debug\савицкий №6.obj
c:\users\lozuno\source\repos\савицкий 9\x64\debug\савицкий №6.exe
c:\users\lozuno\source\repos\савицкий 9\x64\debug\савицкий №6.pdb
c:\users\lozuno\source\repos\савицкий 9\савицкий №6\x64\debug\савицкий №6.ilk
d:\лабы\оап\лабораторная работа №9\савицкий 9\савицкий №6\x64\debug\савицкий №6.obj
d:\лабы\оап\лабораторная работа №9\савицкий 9\савицкий №6\x64\debug\савицкий №6.ilk
d:\лабы\оап\лабораторная работа №9\савицкий 9\савицкий №6\x64\debug\vc143.idb
d:\лабы\оап\лабораторная работа №9\савицкий 9\савицкий №6\x64\debug\vc143.pdb
d:\лабы\оап\лабораторная работа №9\савицкий 9\x64\debug\савицкий №6.pdb
d:\лабы\оап\лабораторная работа №9\савицкий 9\x64\debug\савицкий №6.exe
d:\лабы\оап\лабораторная работа №9\савицкий 9\савицкий №6\x64\debug\савицкий №6.tlog\cl.command.1.tlog
d:\лабы\оап\лабораторная работа №9\савицкий 9\савицкий №6\x64\debug\савицкий №6.tlog\cl.items.tlog
d:\лабы\оап\лабораторная работа №9\савицкий 9\савицкий №6\x64\debug\савицкий №6.tlog\cl.read.1.tlog
d:\лабы\оап\лабораторная работа №9\савицкий 9\савицкий №6\x64\debug\савицкий №6.tlog\cl.write.1.tlog
d:\лабы\оап\лабораторная работа №9\савицкий 9\савицкий №6\x64\debug\савицкий №6.tlog\link.command.1.tlog
d:\лабы\оап\лабораторная работа №9\савицкий 9\савицкий №6\x64\debug\савицкий №6.tlog\link.read.1.tlog
d:\лабы\оап\лабораторная работа №9\савицкий 9\савицкий №6\x64\debug\савицкий №6.tlog\link.secondary.1.tlog
d:\лабы\оап\лабораторная работа №9\савицкий 9\савицкий №6\x64\debug\савицкий №6.tlog\link.write.1.tlog
