c:\users\lozuno\source\repos\савицкий 9\dopi\x64\debug\vc143.pdb
c:\users\lozuno\source\repos\савицкий 9\dopi\x64\debug\vc143.idb
c:\users\lozuno\source\repos\савицкий 9\dopi\x64\debug\dopi.obj
c:\users\lozuno\source\repos\савицкий 9\x64\debug\dopi.exe
c:\users\lozuno\source\repos\савицкий 9\x64\debug\dopi.pdb
c:\users\lozuno\source\repos\савицкий 9\dopi\x64\debug\dopi.ilk
d:\лабы\оап\лабораторная работа №9\савицкий 9\dopi\x64\debug\dopi.obj
d:\лабы\оап\лабораторная работа №9\савицкий 9\dopi\x64\debug\dopi.ilk
d:\лабы\оап\лабораторная работа №9\савицкий 9\dopi\x64\debug\vc143.idb
d:\лабы\оап\лабораторная работа №9\савицкий 9\dopi\x64\debug\vc143.pdb
d:\лабы\оап\лабораторная работа №9\савицкий 9\x64\debug\dopi.pdb
d:\лабы\оап\лабораторная работа №9\савицкий 9\x64\debug\dopi.exe
d:\лабы\оап\лабораторная работа №9\савицкий 9\dopi\x64\debug\dopi.tlog\cl.command.1.tlog
d:\лабы\оап\лабораторная работа №9\савицкий 9\dopi\x64\debug\dopi.tlog\cl.items.tlog
d:\лабы\оап\лабораторная работа №9\савицкий 9\dopi\x64\debug\dopi.tlog\cl.read.1.tlog
d:\лабы\оап\лабораторная работа №9\савицкий 9\dopi\x64\debug\dopi.tlog\cl.write.1.tlog
d:\лабы\оап\лабораторная работа №9\савицкий 9\dopi\x64\debug\dopi.tlog\link.command.1.tlog
d:\лабы\оап\лабораторная работа №9\савицкий 9\dopi\x64\debug\dopi.tlog\link.read.1.tlog
d:\лабы\оап\лабораторная работа №9\савицкий 9\dopi\x64\debug\dopi.tlog\link.secondary.1.tlog
d:\лабы\оап\лабораторная работа №9\савицкий 9\dopi\x64\debug\dopi.tlog\link.write.1.tlog
