Сборка начата 03.10.2024 0:10:30.
Уровень детализации журнала: Normal.     1>Проект "D:\Лабы\ОАП\Лабораторная работа №5\Савицкий 5\Диалог\Диалог.vcxproj" в узле 2 (целевые объекты Build).
     1>PrepareForBuild:
         Структурированный вывод включен. Форматирование диагностики компилятора будет отражать иерархию ошибок. Подробнее см. https://aka.ms/cpp/structured-output.
       InitializeBuildStatus:
         Создание "x64\Debug\Диалог.tlog\unsuccessfulbuild", так как было задано "AlwaysCreate".
         Обращение к "x64\Debug\Диалог.tlog\unsuccessfulbuild".
       ClCompile:
         D:\VS\VC\Tools\MSVC\14.40.33807\bin\HostX64\x64\CL.exe /c /ZI /JMC /nologo /W3 /WX- /diagnostics:column /sdl /Od /D _DEBUG /D _CONSOLE /D _UNICODE /D UNICODE /Gm- /EHsc /RTC1 /MDd /GS /fp:precise /Zc:wchar_t /Zc:forScope /Zc:inline /permissive- /Fo"x64\Debug\\" /Fd"x64\Debug\vc143.pdb" /external:W3 /Gd /TP /FC /errorReport:prompt "Диалог.cpp"
         Диалог.cpp
       Link:
         D:\VS\VC\Tools\MSVC\14.40.33807\bin\HostX64\x64\link.exe /ERRORREPORT:PROMPT /OUT:"D:\Лабы\ОАП\Лабораторная работа №5\Савицкий 5\x64\Debug\Диалог.exe" /INCREMENTAL /ILK:"x64\Debug\Диалог.ilk" /NOLOGO kernel32.lib user32.lib gdi32.lib winspool.lib comdlg32.lib advapi32.lib shell32.lib ole32.lib oleaut32.lib uuid.lib odbc32.lib odbccp32.lib /MANIFEST /MANIFESTUAC:"level='asInvoker' uiAccess='false'" /manifest:embed /DEBUG /PDB:"D:\Лабы\ОАП\Лабораторная работа №5\Савицкий 5\x64\Debug\Диалог.pdb" /SUBSYSTEM:CONSOLE /TLBID:1 /DYNAMICBASE /NXCOMPAT /IMPLIB:"D:\Лабы\ОАП\Лабораторная работа №5\Савицкий 5\x64\Debug\Диалог.lib" /MACHINE:X64 "x64\Debug\Диалог.obj"
         Диалог.vcxproj -> D:\Лабы\ОАП\Лабораторная работа №5\Савицкий 5\x64\Debug\Диалог.exe
       FinalizeBuildStatus:
         Файл "x64\Debug\Диалог.tlog\unsuccessfulbuild" удаляется.
         Обращение к "x64\Debug\Диалог.tlog\Диалог.lastbuildstate".
     1>Сборка проекта "D:\Лабы\ОАП\Лабораторная работа №5\Савицкий 5\Диалог\Диалог.vcxproj" завершена (целевые объекты Build).

Сборка успешно завершена.
    Предупреждений: 0
    Ошибок: 0

Прошло времени 00:00:00.84
