<<<<<<< HEAD
﻿Сборка начата 22.11.2024 17:01:03.
=======
﻿Сборка начата 12.12.2024 21:57:04.
>>>>>>> master
Уровень детализации журнала: Normal.     1>Проект "D:\Лабы\ОАП\Лабораторная работа №11\Савицкий 11\N5-2\N5-2.vcxproj" в узле 2 (целевые объекты Build).
     1>PrepareForBuild:
         Структурированный вывод включен. Форматирование диагностики компилятора будет отражать иерархию ошибок. Подробнее см. https://aka.ms/cpp/structured-output.
       InitializeBuildStatus:
         Создание "x64\Debug\N5-2.tlog\unsuccessfulbuild", так как было задано "AlwaysCreate".
         Обращение к "x64\Debug\N5-2.tlog\unsuccessfulbuild".
       ClCompile:
         D:\VS\VC\Tools\MSVC\14.40.33807\bin\HostX64\x64\CL.exe /c /ZI /JMC /nologo /W3 /WX- /diagnostics:column /sdl /Od /D _DEBUG /D _CONSOLE /D _UNICODE /D UNICODE /Gm- /EHsc /RTC1 /MDd /GS /fp:precise /Zc:wchar_t /Zc:forScope /Zc:inline /permissive- /Fo"x64\Debug\\" /Fd"x64\Debug\vc143.pdb" /external:W3 /Gd /TP /FC /errorReport:prompt "N5-2.cpp"
         N5-2.cpp
     1>D:\Лабы\ОАП\Лабораторная работа №11\Савицкий 11\N5-2\N5-2.cpp(4,6): warning C4326: возвращаемый тип "main" должен быть "int", а не "void"
     1>D:\Лабы\ОАП\Лабораторная работа №11\Савицкий 11\N5-2\N5-2.cpp(26,27): warning C4018: <: несоответствие типов со знаком и без знака
     1>D:\Лабы\ОАП\Лабораторная работа №11\Савицкий 11\N5-2\N5-2.cpp(62,27): warning C4018: <: несоответствие типов со знаком и без знака
     1>D:\Лабы\ОАП\Лабораторная работа №11\Савицкий 11\N5-2\N5-2.cpp(74,27): warning C4018: <: несоответствие типов со знаком и без знака
     1>D:\Лабы\ОАП\Лабораторная работа №11\Савицкий 11\N5-2\N5-2.cpp(75,19): warning C4018: >=: несоответствие типов со знаком и без знака
     1>D:\Лабы\ОАП\Лабораторная работа №11\Савицкий 11\N5-2\N5-2.cpp(124,27): warning C4018: <: несоответствие типов со знаком и без знака
     1>D:\Лабы\ОАП\Лабораторная работа №11\Савицкий 11\N5-2\N5-2.cpp(132,27): warning C4018: <: несоответствие типов со знаком и без знака
     1>D:\Лабы\ОАП\Лабораторная работа №11\Савицкий 11\N5-2\N5-2.cpp(133,19): warning C4018: >=: несоответствие типов со знаком и без знака
     1>D:\Лабы\ОАП\Лабораторная работа №11\Савицкий 11\N5-2\N5-2.cpp(183,27): warning C4018: <: несоответствие типов со знаком и без знака
     1>D:\Лабы\ОАП\Лабораторная работа №11\Савицкий 11\N5-2\N5-2.cpp(195,27): warning C4018: <: несоответствие типов со знаком и без знака
     1>D:\Лабы\ОАП\Лабораторная работа №11\Савицкий 11\N5-2\N5-2.cpp(196,19): warning C4018: >=: несоответствие типов со знаком и без знака
       Link:
         D:\VS\VC\Tools\MSVC\14.40.33807\bin\HostX64\x64\link.exe /ERRORREPORT:PROMPT /OUT:"D:\Лабы\ОАП\Лабораторная работа №11\Савицкий 11\x64\Debug\N5-2.exe" /INCREMENTAL /ILK:"x64\Debug\N5-2.ilk" /NOLOGO kernel32.lib user32.lib gdi32.lib winspool.lib comdlg32.lib advapi32.lib shell32.lib ole32.lib oleaut32.lib uuid.lib odbc32.lib odbccp32.lib /MANIFEST /MANIFESTUAC:"level='asInvoker' uiAccess='false'" /manifest:embed /DEBUG /PDB:"D:\Лабы\ОАП\Лабораторная работа №11\Савицкий 11\x64\Debug\N5-2.pdb" /SUBSYSTEM:CONSOLE /TLBID:1 /DYNAMICBASE /NXCOMPAT /IMPLIB:"D:\Лабы\ОАП\Лабораторная работа №11\Савицкий 11\x64\Debug\N5-2.lib" /MACHINE:X64 "x64\Debug\N5-2.obj"
         N5-2.vcxproj -> D:\Лабы\ОАП\Лабораторная работа №11\Савицкий 11\x64\Debug\N5-2.exe
       FinalizeBuildStatus:
         Файл "x64\Debug\N5-2.tlog\unsuccessfulbuild" удаляется.
         Обращение к "x64\Debug\N5-2.tlog\N5-2.lastbuildstate".
     1>Сборка проекта "D:\Лабы\ОАП\Лабораторная работа №11\Савицкий 11\N5-2\N5-2.vcxproj" завершена (целевые объекты Build).

Сборка успешно завершена.

       "D:\Лабы\ОАП\Лабораторная работа №11\Савицкий 11\N5-2\N5-2.vcxproj" (целевой объект Build ) (1) ->
       (Целевой объект ClCompile) -> 
         D:\Лабы\ОАП\Лабораторная работа №11\Савицкий 11\N5-2\N5-2.cpp(4,6): warning C4326: возвращаемый тип "main" должен быть "int", а не "void"
         D:\Лабы\ОАП\Лабораторная работа №11\Савицкий 11\N5-2\N5-2.cpp(26,27): warning C4018: <: несоответствие типов со знаком и без знака
         D:\Лабы\ОАП\Лабораторная работа №11\Савицкий 11\N5-2\N5-2.cpp(62,27): warning C4018: <: несоответствие типов со знаком и без знака
         D:\Лабы\ОАП\Лабораторная работа №11\Савицкий 11\N5-2\N5-2.cpp(74,27): warning C4018: <: несоответствие типов со знаком и без знака
         D:\Лабы\ОАП\Лабораторная работа №11\Савицкий 11\N5-2\N5-2.cpp(75,19): warning C4018: >=: несоответствие типов со знаком и без знака
         D:\Лабы\ОАП\Лабораторная работа №11\Савицкий 11\N5-2\N5-2.cpp(124,27): warning C4018: <: несоответствие типов со знаком и без знака
         D:\Лабы\ОАП\Лабораторная работа №11\Савицкий 11\N5-2\N5-2.cpp(132,27): warning C4018: <: несоответствие типов со знаком и без знака
         D:\Лабы\ОАП\Лабораторная работа №11\Савицкий 11\N5-2\N5-2.cpp(133,19): warning C4018: >=: несоответствие типов со знаком и без знака
         D:\Лабы\ОАП\Лабораторная работа №11\Савицкий 11\N5-2\N5-2.cpp(183,27): warning C4018: <: несоответствие типов со знаком и без знака
         D:\Лабы\ОАП\Лабораторная работа №11\Савицкий 11\N5-2\N5-2.cpp(195,27): warning C4018: <: несоответствие типов со знаком и без знака
         D:\Лабы\ОАП\Лабораторная работа №11\Савицкий 11\N5-2\N5-2.cpp(196,19): warning C4018: >=: несоответствие типов со знаком и без знака

    Предупреждений: 11
    Ошибок: 0

<<<<<<< HEAD
Прошло времени 00:00:01.72
=======
Прошло времени 00:00:00.71
>>>>>>> master
