Сборка начата 28.10.2024 0:15:43.
Уровень детализации журнала: Normal.     1>Проект "D:\Лабы\ОАП\Лабораторная работа №6\Савицкий 6\Савицкий 6\Савицкий 6.vcxproj" в узле 5 (целевые объекты Rebuild).
     1>PrepareForBuild:
         Структурированный вывод включен. Форматирование диагностики компилятора будет отражать иерархию ошибок. Подробнее см. https://aka.ms/cpp/structured-output.
         Создание каталога "D:\Лабы\ОАП\Лабораторная работа №6\Савицкий 6\Release\".
         Создание каталога "Release\Forz5.tlog\".
       InitializeBuildStatus:
         Создание "Release\Forz5.tlog\unsuccessfulbuild", так как было задано "AlwaysCreate".
         Обращение к "Release\Forz5.tlog\unsuccessfulbuild".
       ClCompile:
         D:\VS\VC\Tools\MSVC\14.40.33807\bin\HostX86\x86\CL.exe /c /Zi /nologo /W3 /WX- /diagnostics:column /sdl /O2 /Oi /Oy- /GL /D WIN32 /D NDEBUG /D _CONSOLE /D _UNICODE /D UNICODE /Gm- /EHsc /MD /GS /Gy /fp:precise /Zc:wchar_t /Zc:forScope /Zc:inline /permissive- /Fo"Release\\" /Fd"Release\vc143.pdb" /external:W3 /Gd /TP /analyze- /FC /errorReport:prompt Forz5.cpp
         Forz5.cpp
     1>D:\Лабы\ОАП\Лабораторная работа №6\Савицкий 6\Савицкий 6\Forz5.cpp(2,6): warning C4326: возвращаемый тип "main" должен быть "int", а не "void"
       Link:
         D:\VS\VC\Tools\MSVC\14.40.33807\bin\HostX86\x86\link.exe /ERRORREPORT:PROMPT /OUT:"D:\Лабы\ОАП\Лабораторная работа №6\Савицкий 6\Release\Forz5.exe" /NOLOGO kernel32.lib user32.lib gdi32.lib winspool.lib comdlg32.lib advapi32.lib shell32.lib ole32.lib oleaut32.lib uuid.lib odbc32.lib odbccp32.lib /MANIFEST /MANIFESTUAC:"level='asInvoker' uiAccess='false'" /manifest:embed /DEBUG /PDB:"D:\Лабы\ОАП\Лабораторная работа №6\Савицкий 6\Release\Forz5.pdb" /SUBSYSTEM:CONSOLE /OPT:REF /OPT:ICF /LTCG:incremental /LTCGOUT:"Release\Forz5.iobj" /TLBID:1 /DYNAMICBASE /NXCOMPAT /IMPLIB:"D:\Лабы\ОАП\Лабораторная работа №6\Савицкий 6\Release\Forz5.lib" /MACHINE:X86 /SAFESEH Release\Forz5.obj
         Создание кода
         Previous IPDB not found, fall back to full compilation.
         All 4 functions were compiled because no usable IPDB/IOBJ from previous compilation was found.
         Создание кода завершено
         Савицкий 6.vcxproj -> D:\Лабы\ОАП\Лабораторная работа №6\Савицкий 6\Release\Forz5.exe
       FinalizeBuildStatus:
         Файл "Release\Forz5.tlog\unsuccessfulbuild" удаляется.
         Обращение к "Release\Forz5.tlog\Forz5.lastbuildstate".
     1>Сборка проекта "D:\Лабы\ОАП\Лабораторная работа №6\Савицкий 6\Савицкий 6\Савицкий 6.vcxproj" завершена (целевые объекты Rebuild).

Сборка успешно завершена.

       "D:\Лабы\ОАП\Лабораторная работа №6\Савицкий 6\Савицкий 6\Савицкий 6.vcxproj" (целевой объект Rebuild ) (1) ->
       (Целевой объект ClCompile) -> 
         D:\Лабы\ОАП\Лабораторная работа №6\Савицкий 6\Савицкий 6\Forz5.cpp(2,6): warning C4326: возвращаемый тип "main" должен быть "int", а не "void"

    Предупреждений: 1
    Ошибок: 0

Прошло времени 00:00:01.73
