Сборка начата 28.10.2024 0:15:42.
Уровень детализации журнала: Normal.     1>Проект "D:\Лабы\ОАП\Лабораторная работа №6\Савицкий 6\Dop2\Dop2.vcxproj" в узле 2 (целевые объекты Rebuild).
     1>_PrepareForClean:
         Файл "x64\Debug\Dop2.tlog\Dop2.lastbuildstate" удаляется.
       PrepareForBuild:
         Структурированный вывод включен. Форматирование диагностики компилятора будет отражать иерархию ошибок. Подробнее см. https://aka.ms/cpp/structured-output.
       InitializeBuildStatus:
         Создание "x64\Debug\Dop2.tlog\unsuccessfulbuild", так как было задано "AlwaysCreate".
         Обращение к "x64\Debug\Dop2.tlog\unsuccessfulbuild".
       ClCompile:
         D:\VS\VC\Tools\MSVC\14.40.33807\bin\HostX64\x64\CL.exe /c /ZI /JMC /nologo /W3 /WX- /diagnostics:column /sdl /Od /D _DEBUG /D _CONSOLE /D _UNICODE /D UNICODE /Gm- /EHsc /RTC1 /MDd /GS /fp:precise /Zc:wchar_t /Zc:forScope /Zc:inline /permissive- /Fo"x64\Debug\\" /Fd"x64\Debug\vc143.pdb" /external:W3 /Gd /TP /FC /errorReport:prompt Dop2.cpp
         Dop2.cpp
     1>D:\Лабы\ОАП\Лабораторная работа №6\Савицкий 6\Dop2\Dop2.cpp(10,19): warning C4244: *=: преобразование "double" в "float", возможна потеря данных
       Link:
         D:\VS\VC\Tools\MSVC\14.40.33807\bin\HostX64\x64\link.exe /ERRORREPORT:PROMPT /OUT:"D:\Лабы\ОАП\Лабораторная работа №6\Савицкий 6\x64\Debug\Dop2.exe" /INCREMENTAL /ILK:"x64\Debug\Dop2.ilk" /NOLOGO kernel32.lib user32.lib gdi32.lib winspool.lib comdlg32.lib advapi32.lib shell32.lib ole32.lib oleaut32.lib uuid.lib odbc32.lib odbccp32.lib /MANIFEST /MANIFESTUAC:"level='asInvoker' uiAccess='false'" /manifest:embed /DEBUG /PDB:"D:\Лабы\ОАП\Лабораторная работа №6\Савицкий 6\x64\Debug\Dop2.pdb" /SUBSYSTEM:CONSOLE /TLBID:1 /DYNAMICBASE /NXCOMPAT /IMPLIB:"D:\Лабы\ОАП\Лабораторная работа №6\Савицкий 6\x64\Debug\Dop2.lib" /MACHINE:X64 x64\Debug\Dop2.obj
         Dop2.vcxproj -> D:\Лабы\ОАП\Лабораторная работа №6\Савицкий 6\x64\Debug\Dop2.exe
       FinalizeBuildStatus:
         Файл "x64\Debug\Dop2.tlog\unsuccessfulbuild" удаляется.
         Обращение к "x64\Debug\Dop2.tlog\Dop2.lastbuildstate".
     1>Сборка проекта "D:\Лабы\ОАП\Лабораторная работа №6\Савицкий 6\Dop2\Dop2.vcxproj" завершена (целевые объекты Rebuild).

Сборка успешно завершена.

       "D:\Лабы\ОАП\Лабораторная работа №6\Савицкий 6\Dop2\Dop2.vcxproj" (целевой объект Rebuild ) (1) ->
       (Целевой объект ClCompile) -> 
         D:\Лабы\ОАП\Лабораторная работа №6\Савицкий 6\Dop2\Dop2.cpp(10,19): warning C4244: *=: преобразование "double" в "float", возможна потеря данных

    Предупреждений: 1
    Ошибок: 0

Прошло времени 00:00:01.07
