Сборка начата 16.12.2024 2:42:01.
Уровень детализации журнала: Normal.     1>Проект "D:\Лабы\ОАП\Лабораторная работа №14\ConsoleApplication1\nevar\nevar.vcxproj" в узле 2 (целевые объекты Build).
     1>PrepareForBuild:
         Структурированный вывод включен. Форматирование диагностики компилятора будет отражать иерархию ошибок. Подробнее см. https://aka.ms/cpp/structured-output.
       InitializeBuildStatus:
         Создание "x64\Debug\nevar.tlog\unsuccessfulbuild", так как было задано "AlwaysCreate".
         Обращение к "x64\Debug\nevar.tlog\unsuccessfulbuild".
       ClCompile:
         D:\VS\VC\Tools\MSVC\14.40.33807\bin\HostX64\x64\CL.exe /c /ZI /JMC /nologo /W3 /WX- /diagnostics:column /sdl /Od /D _DEBUG /D _CONSOLE /D _UNICODE /D UNICODE /Gm- /EHsc /RTC1 /MDd /GS /fp:precise /Zc:wchar_t /Zc:forScope /Zc:inline /permissive- /Fo"x64\Debug\\" /Fd"x64\Debug\vc143.pdb" /external:W3 /Gd /TP /FC /errorReport:prompt nevar.cpp
         nevar.cpp
     1>D:\Лабы\ОАП\Лабораторная работа №14\ConsoleApplication1\nevar\nevar.cpp(2,6): warning C4326: возвращаемый тип "main" должен быть "int", а не "void"
       Link:
         D:\VS\VC\Tools\MSVC\14.40.33807\bin\HostX64\x64\link.exe /ERRORREPORT:PROMPT /OUT:"D:\Лабы\ОАП\Лабораторная работа №14\ConsoleApplication1\x64\Debug\nevar.exe" /INCREMENTAL /ILK:"x64\Debug\nevar.ilk" /NOLOGO kernel32.lib user32.lib gdi32.lib winspool.lib comdlg32.lib advapi32.lib shell32.lib ole32.lib oleaut32.lib uuid.lib odbc32.lib odbccp32.lib /MANIFEST /MANIFESTUAC:"level='asInvoker' uiAccess='false'" /manifest:embed /DEBUG /PDB:"D:\Лабы\ОАП\Лабораторная работа №14\ConsoleApplication1\x64\Debug\nevar.pdb" /SUBSYSTEM:CONSOLE /TLBID:1 /DYNAMICBASE /NXCOMPAT /IMPLIB:"D:\Лабы\ОАП\Лабораторная работа №14\ConsoleApplication1\x64\Debug\nevar.lib" /MACHINE:X64 x64\Debug\nevar.obj
         nevar.vcxproj -> D:\Лабы\ОАП\Лабораторная работа №14\ConsoleApplication1\x64\Debug\nevar.exe
       FinalizeBuildStatus:
         Файл "x64\Debug\nevar.tlog\unsuccessfulbuild" удаляется.
         Обращение к "x64\Debug\nevar.tlog\nevar.lastbuildstate".
     1>Сборка проекта "D:\Лабы\ОАП\Лабораторная работа №14\ConsoleApplication1\nevar\nevar.vcxproj" завершена (целевые объекты Build).

Сборка успешно завершена.

       "D:\Лабы\ОАП\Лабораторная работа №14\ConsoleApplication1\nevar\nevar.vcxproj" (целевой объект Build ) (1) ->
       (Целевой объект ClCompile) -> 
         D:\Лабы\ОАП\Лабораторная работа №14\ConsoleApplication1\nevar\nevar.cpp(2,6): warning C4326: возвращаемый тип "main" должен быть "int", а не "void"

    Предупреждений: 1
    Ошибок: 0

Прошло времени 00:00:01.04
