Сборка начата 08.11.2024 23:17:32.
Уровень детализации журнала: Normal.     1>Проект "D:\Лабы\ОАП\Лабораторная работа №9\Савицкий 9\Савицкий 9\Савицкий 9.vcxproj" в узле 4 (целевые объекты Rebuild).
     1>D:\VS\MSBuild\Microsoft\VC\v170\Microsoft.CppBuild.targets(531,5): warning MSB8028: промежуточный каталог (x64\Debug\) содержит файлы, которые используются совместно с другим проектом (Савицкий 9.vcxproj).  Это может привести к ошибкам очистки и перестроения.
         Структурированный вывод включен. Форматирование диагностики компилятора будет отражать иерархию ошибок. Подробнее см. https://aka.ms/cpp/structured-output.
         Создание каталога "x64\Debug\Савицкий №5.tlog\".
     1>InitializeBuildStatus:
         Создание "x64\Debug\Савицкий №5.tlog\unsuccessfulbuild", так как было задано "AlwaysCreate".
         Обращение к "x64\Debug\Савицкий №5.tlog\unsuccessfulbuild".
       ClCompile:
         D:\VS\VC\Tools\MSVC\14.40.33807\bin\HostX64\x64\CL.exe /c /ZI /JMC /nologo /W3 /WX- /diagnostics:column /sdl /Od /D _DEBUG /D _CONSOLE /D _UNICODE /D UNICODE /Gm- /EHsc /RTC1 /MDd /GS /fp:precise /Zc:wchar_t /Zc:forScope /Zc:inline /permissive- /Fo"x64\Debug\\" /Fd"x64\Debug\vc143.pdb" /external:W3 /Gd /TP /FC /errorReport:prompt "Савицкий 9.cpp"
         Савицкий 9.cpp
       Link:
         D:\VS\VC\Tools\MSVC\14.40.33807\bin\HostX64\x64\link.exe /ERRORREPORT:PROMPT /OUT:"D:\Лабы\ОАП\Лабораторная работа №9\Савицкий 9\x64\Debug\Савицкий №5.exe" /INCREMENTAL /ILK:"x64\Debug\Савицкий №5.ilk" /NOLOGO kernel32.lib user32.lib gdi32.lib winspool.lib comdlg32.lib advapi32.lib shell32.lib ole32.lib oleaut32.lib uuid.lib odbc32.lib odbccp32.lib /MANIFEST /MANIFESTUAC:"level='asInvoker' uiAccess='false'" /manifest:embed /DEBUG /PDB:"D:\Лабы\ОАП\Лабораторная работа №9\Савицкий 9\x64\Debug\Савицкий №5.pdb" /SUBSYSTEM:CONSOLE /TLBID:1 /DYNAMICBASE /NXCOMPAT /IMPLIB:"D:\Лабы\ОАП\Лабораторная работа №9\Савицкий 9\x64\Debug\Савицкий №5.lib" /MACHINE:X64 "x64\Debug\Савицкий 9.obj"
         Савицкий 9.vcxproj -> D:\Лабы\ОАП\Лабораторная работа №9\Савицкий 9\x64\Debug\Савицкий №5.exe
       FinalizeBuildStatus:
         Файл "x64\Debug\Савицкий №5.tlog\unsuccessfulbuild" удаляется.
         Обращение к "x64\Debug\Савицкий №5.tlog\Савицкий №5.lastbuildstate".
     1>Сборка проекта "D:\Лабы\ОАП\Лабораторная работа №9\Савицкий 9\Савицкий 9\Савицкий 9.vcxproj" завершена (целевые объекты Rebuild).

Сборка успешно завершена.

       "D:\Лабы\ОАП\Лабораторная работа №9\Савицкий 9\Савицкий 9\Савицкий 9.vcxproj" (целевой объект Rebuild ) (1) ->
       (Целевой объект PrepareForBuild) -> 
         D:\VS\MSBuild\Microsoft\VC\v170\Microsoft.CppBuild.targets(531,5): warning MSB8028: промежуточный каталог (x64\Debug\) содержит файлы, которые используются совместно с другим проектом (Савицкий 9.vcxproj).  Это может привести к ошибкам очистки и перестроения.

    Предупреждений: 1
    Ошибок: 0

Прошло времени 00:00:00.74
